<?xml version="1.0" encoding="UTF-8"?>
<!-- Generated by org.testng.reporters.JUnitXMLReporter -->
<testsuite hostname="Ola-PC" name="Default test" tests="3" failures="0" timestamp="30 Mar 2016 11:03:20 GMT" time="14.608" errors="0">
  <testcase name="firstTestMethod" time="0.003" classname="TestCases.selectFlights"/>
  <testcase name="secondTestMethod" time="0.0" classname="TestCases.selectFlights"/>
  <testcase name="simpleFlightTest" time="5.406" classname="TestCases.selectFlights"/>
</testsuite> <!-- Default test -->
