<?xml version="1.0" encoding="UTF-8"?>
<!-- Generated by org.testng.reporters.JUnitXMLReporter -->
<testsuite hostname="Ola-PC" name="Default test" tests="5" failures="0" timestamp="1 Apr 2016 20:41:11 GMT" time="58.357" errors="0">
  <testcase name="firstTestMethod" time="0.003" classname="TestCases.selectFlights"/>
  <testcase name="secondTestMethod" time="0.001" classname="TestCases.selectFlights"/>
  <testcase name="simpleFlightTest" time="13.359" classname="TestCases.selectFlights"/>
  <testcase name="simpleFlightTest" time="6.125" classname="TestCases.selectFlights"/>
  <testcase name="simpleFlightTest" time="12.944" classname="TestCases.selectFlights"/>
</testsuite> <!-- Default test -->
