<?xml version="1.0" encoding="UTF-8"?>
<!-- Generated by org.testng.reporters.JUnitXMLReporter -->
<testsuite hostname="Ola-PC" name="ExpediaFlightBookingTests" tests="4" failures="0" timestamp="1 Apr 2016 20:24:53 GMT" time="76.996" errors="0">
  <testcase name="simpleFlightTest" time="13.193" classname="TestCases.selectFlights"/>
  <testcase name="simpleFlightTest" time="25.692" classname="TestCases.selectFlights"/>
  <testcase name="simpleFlightTest" time="12.669" classname="TestCases.selectFlights"/>
  <testcase name="secondTestMethod" time="0.001" classname="TestCases.selectFlights"/>
</testsuite> <!-- ExpediaFlightBookingTests -->
