<?xml version="1.0" encoding="UTF-8"?>
<!-- Generated by org.testng.reporters.JUnitXMLReporter -->
<testsuite hostname="DESKTOP-M7HRO8L" name="ExpediaFlightBookingTests" tests="2" failures="0" timestamp="16 Apr 2016 13:39:10 GMT" time="12.982" errors="0">
  <testcase name="@BeforeClass beforeClass" time="0.0" classname="TestCases.selectFlights">
    <failure type="java.io.FileNotFoundException" message="C:\Users\OlaA\workspace\flightsbooking-ola\src\test\java\utilities\ExcelData.xlsx (The system cannot find the path specified)">
      <![CDATA[java.io.FileNotFoundException: C:\Users\OlaA\workspace\flightsbooking-ola\src\test\java\utilities\ExcelData.xlsx (The system cannot find the path specified)
	at java.io.FileInputStream.open0(Native Method)
	at java.io.FileInputStream.open(Unknown Source)
	at java.io.FileInputStream.<init>(Unknown Source)
	at java.io.FileInputStream.<init>(Unknown Source)
	at utilities.ExcelUtility.setExcelFile(ExcelUtility.java:23)
	at TestCases.selectFlights.beforeClass(selectFlights.java:38)
... Removed 24 stack frames]]>
    </failure>
  </testcase> <!-- @BeforeClass beforeClass -->
  <testcase name="@BeforeMethod beforeMethod" time="0.0" classname="TestCases.selectFlights">
    <skipped/>
  </testcase> <!-- @BeforeMethod beforeMethod -->
  <testcase name="@AfterMethod afterMethod" time="0.0" classname="TestCases.selectFlights">
    <skipped/>
  </testcase> <!-- @AfterMethod afterMethod -->
  <testcase name="simpleFlightTest" time="0.0" classname="TestCases.selectFlights">
    <skipped/>
  </testcase> <!-- simpleFlightTest -->
  <testcase name="secondTestMethod" time="0.001" classname="TestCases.selectFlights">
    <skipped/>
  </testcase> <!-- secondTestMethod -->
</testsuite> <!-- ExpediaFlightBookingTests -->
