<?xml version="1.0" encoding="UTF-8"?>
<testng-results skipped="0" failed="0" total="5" passed="5">
  <reporter-output>
  </reporter-output>
  <suite name="Default suite" duration-ms="58357" started-at="2016-04-01T20:40:12Z" finished-at="2016-04-01T20:41:11Z">
    <groups>
    </groups>
    <test name="Default test" duration-ms="58357" started-at="2016-04-01T20:40:12Z" finished-at="2016-04-01T20:41:11Z">
      <class name="TestCases.selectFlights">
        <test-method status="PASS" signature="beforeClass()[pri:0, instance:TestCases.selectFlights@71be98f5]" name="beforeClass" is-config="true" duration-ms="9590" started-at="2016-04-01T21:40:12Z" finished-at="2016-04-01T21:40:22Z">
          <reporter-output>
          </reporter-output>
        </test-method> <!-- beforeClass -->
        <test-method status="PASS" signature="beforeMethod()[pri:0, instance:TestCases.selectFlights@71be98f5]" name="beforeMethod" is-config="true" duration-ms="10" started-at="2016-04-01T21:40:22Z" finished-at="2016-04-01T21:40:22Z">
          <reporter-output>
          </reporter-output>
        </test-method> <!-- beforeMethod -->
        <test-method status="PASS" signature="firstTestMethod()[pri:0, instance:TestCases.selectFlights@71be98f5]" name="firstTestMethod" duration-ms="3" started-at="2016-04-01T21:40:22Z" finished-at="2016-04-01T21:40:22Z">
          <reporter-output>
          </reporter-output>
        </test-method> <!-- firstTestMethod -->
        <test-method status="PASS" signature="afterMethod()[pri:0, instance:TestCases.selectFlights@71be98f5]" name="afterMethod" is-config="true" duration-ms="3230" started-at="2016-04-01T21:40:22Z" finished-at="2016-04-01T21:40:25Z">
          <reporter-output>
          </reporter-output>
        </test-method> <!-- afterMethod -->
        <test-method status="PASS" signature="beforeMethod()[pri:0, instance:TestCases.selectFlights@71be98f5]" name="beforeMethod" is-config="true" duration-ms="214" started-at="2016-04-01T21:40:25Z" finished-at="2016-04-01T21:40:25Z">
          <reporter-output>
          </reporter-output>
        </test-method> <!-- beforeMethod -->
        <test-method status="PASS" signature="secondTestMethod()[pri:0, instance:TestCases.selectFlights@71be98f5]" name="secondTestMethod" duration-ms="1" started-at="2016-04-01T21:40:25Z" finished-at="2016-04-01T21:40:25Z">
          <reporter-output>
          </reporter-output>
        </test-method> <!-- secondTestMethod -->
        <test-method status="PASS" signature="afterMethod()[pri:0, instance:TestCases.selectFlights@71be98f5]" name="afterMethod" is-config="true" duration-ms="2748" started-at="2016-04-01T21:40:25Z" finished-at="2016-04-01T21:40:28Z">
          <reporter-output>
          </reporter-output>
        </test-method> <!-- afterMethod -->
        <test-method status="PASS" signature="beforeMethod()[pri:0, instance:TestCases.selectFlights@71be98f5]" name="beforeMethod" is-config="true" duration-ms="213" started-at="2016-04-01T21:40:28Z" finished-at="2016-04-01T21:40:28Z">
          <reporter-output>
          </reporter-output>
        </test-method> <!-- beforeMethod -->
        <test-method status="PASS" signature="simpleFlightTest(java.lang.String, java.lang.String, java.lang.String, java.lang.String, java.lang.String)[pri:0, instance:TestCases.selectFlights@71be98f5]" name="simpleFlightTest" duration-ms="13359" started-at="2016-04-01T21:40:28Z" data-provider="searchFlightsData" finished-at="2016-04-01T21:40:42Z">
          <params>
            <param index="0">
              <value>
                <![CDATA[London]]>
              </value>
            </param>
            <param index="1">
              <value>
                <![CDATA[London]]>
              </value>
            </param>
            <param index="2">
              <value>
                <![CDATA[01/05/2016]]>
              </value>
            </param>
            <param index="3">
              <value>
                <![CDATA[06/05/2016]]>
              </value>
            </param>
            <param index="4">
              <value>
                <![CDATA[2]]>
              </value>
            </param>
          </params>
          <reporter-output>
          </reporter-output>
        </test-method> <!-- simpleFlightTest -->
        <test-method status="PASS" signature="afterMethod()[pri:0, instance:TestCases.selectFlights@71be98f5]" name="afterMethod" is-config="true" duration-ms="3100" started-at="2016-04-01T21:40:42Z" finished-at="2016-04-01T21:40:45Z">
          <reporter-output>
          </reporter-output>
        </test-method> <!-- afterMethod -->
        <test-method status="PASS" signature="beforeMethod()[pri:0, instance:TestCases.selectFlights@71be98f5]" name="beforeMethod" is-config="true" duration-ms="333" started-at="2016-04-01T21:40:45Z" finished-at="2016-04-01T21:40:45Z">
          <reporter-output>
          </reporter-output>
        </test-method> <!-- beforeMethod -->
        <test-method status="PASS" signature="simpleFlightTest(java.lang.String, java.lang.String, java.lang.String, java.lang.String, java.lang.String)[pri:0, instance:TestCases.selectFlights@71be98f5]" name="simpleFlightTest" duration-ms="6125" started-at="2016-04-01T21:40:45Z" data-provider="searchFlightsData" finished-at="2016-04-01T21:40:51Z">
          <params>
            <param index="0">
              <value>
                <![CDATA[Madrid]]>
              </value>
            </param>
            <param index="1">
              <value>
                <![CDATA[Glasgow]]>
              </value>
            </param>
            <param index="2">
              <value>
                <![CDATA[01/06/2016]]>
              </value>
            </param>
            <param index="3">
              <value>
                <![CDATA[07/06/2016]]>
              </value>
            </param>
            <param index="4">
              <value>
                <![CDATA[3]]>
              </value>
            </param>
          </params>
          <reporter-output>
          </reporter-output>
        </test-method> <!-- simpleFlightTest -->
        <test-method status="PASS" signature="afterMethod()[pri:0, instance:TestCases.selectFlights@71be98f5]" name="afterMethod" is-config="true" duration-ms="3119" started-at="2016-04-01T21:40:51Z" finished-at="2016-04-01T21:40:54Z">
          <reporter-output>
          </reporter-output>
        </test-method> <!-- afterMethod -->
        <test-method status="PASS" signature="beforeMethod()[pri:0, instance:TestCases.selectFlights@71be98f5]" name="beforeMethod" is-config="true" duration-ms="226" started-at="2016-04-01T21:40:54Z" finished-at="2016-04-01T21:40:54Z">
          <reporter-output>
          </reporter-output>
        </test-method> <!-- beforeMethod -->
        <test-method status="PASS" signature="simpleFlightTest(java.lang.String, java.lang.String, java.lang.String, java.lang.String, java.lang.String)[pri:0, instance:TestCases.selectFlights@71be98f5]" name="simpleFlightTest" duration-ms="12944" started-at="2016-04-01T21:40:54Z" data-provider="searchFlightsData" finished-at="2016-04-01T21:41:07Z">
          <params>
            <param index="0">
              <value>
                <![CDATA[Paris]]>
              </value>
            </param>
            <param index="1">
              <value>
                <![CDATA[Chicago]]>
              </value>
            </param>
            <param index="2">
              <value>
                <![CDATA[01/07/2016]]>
              </value>
            </param>
            <param index="3">
              <value>
                <![CDATA[08/07/2016]]>
              </value>
            </param>
            <param index="4">
              <value>
                <![CDATA[4]]>
              </value>
            </param>
          </params>
          <reporter-output>
          </reporter-output>
        </test-method> <!-- simpleFlightTest -->
        <test-method status="PASS" signature="afterMethod()[pri:0, instance:TestCases.selectFlights@71be98f5]" name="afterMethod" is-config="true" duration-ms="3126" started-at="2016-04-01T21:41:07Z" finished-at="2016-04-01T21:41:11Z">
          <reporter-output>
          </reporter-output>
        </test-method> <!-- afterMethod -->
      </class> <!-- TestCases.selectFlights -->
    </test> <!-- Default test -->
  </suite> <!-- Default suite -->
</testng-results>
