<?xml version="1.0" encoding="UTF-8"?>
<testng-results skipped="0" failed="0" total="4" passed="4">
  <reporter-output>
  </reporter-output>
  <suite name="ExpediaFlightTestSuite" duration-ms="32982" started-at="2016-03-30T12:29:36Z" finished-at="2016-03-30T12:30:09Z">
    <groups>
    </groups>
    <test name="ExpediaFlightBookingTests" duration-ms="32982" started-at="2016-03-30T12:29:36Z" finished-at="2016-03-30T12:30:09Z">
      <class name="TestCases.selectFlights">
        <test-method status="PASS" signature="beforeClass()[pri:0, instance:TestCases.selectFlights@17f6480]" name="beforeClass" is-config="true" duration-ms="9051" started-at="2016-03-30T13:29:36Z" finished-at="2016-03-30T13:29:45Z">
          <reporter-output>
          </reporter-output>
        </test-method> <!-- beforeClass -->
        <test-method status="PASS" signature="beforeMethod()[pri:0, instance:TestCases.selectFlights@17f6480]" name="beforeMethod" is-config="true" duration-ms="9" started-at="2016-03-30T13:29:45Z" finished-at="2016-03-30T13:29:45Z">
          <reporter-output>
          </reporter-output>
        </test-method> <!-- beforeMethod -->
        <test-method status="PASS" signature="simpleFlightTest(java.lang.String, java.lang.String, java.lang.String, java.lang.String, java.lang.String)[pri:0, instance:TestCases.selectFlights@17f6480]" name="simpleFlightTest" duration-ms="4275" started-at="2016-03-30T13:29:45Z" data-provider="searchFlightsData" finished-at="2016-03-30T13:29:49Z">
          <params>
            <param index="0">
              <value>
                <![CDATA[London]]>
              </value>
            </param>
            <param index="1">
              <value>
                <![CDATA[Mexico City]]>
              </value>
            </param>
            <param index="2">
              <value>
                <![CDATA[01/05/2016]]>
              </value>
            </param>
            <param index="3">
              <value>
                <![CDATA[06/05/2016]]>
              </value>
            </param>
            <param index="4">
              <value>
                <![CDATA[2]]>
              </value>
            </param>
          </params>
          <reporter-output>
          </reporter-output>
        </test-method> <!-- simpleFlightTest -->
        <test-method status="PASS" signature="afterMethod()[pri:0, instance:TestCases.selectFlights@17f6480]" name="afterMethod" is-config="true" duration-ms="120" started-at="2016-03-30T13:29:49Z" finished-at="2016-03-30T13:29:49Z">
          <reporter-output>
          </reporter-output>
        </test-method> <!-- afterMethod -->
        <test-method status="PASS" signature="beforeMethod()[pri:0, instance:TestCases.selectFlights@17f6480]" name="beforeMethod" is-config="true" duration-ms="2549" started-at="2016-03-30T13:29:49Z" finished-at="2016-03-30T13:29:52Z">
          <reporter-output>
          </reporter-output>
        </test-method> <!-- beforeMethod -->
        <test-method status="PASS" signature="simpleFlightTest(java.lang.String, java.lang.String, java.lang.String, java.lang.String, java.lang.String)[pri:0, instance:TestCases.selectFlights@17f6480]" name="simpleFlightTest" duration-ms="4371" started-at="2016-03-30T13:29:52Z" data-provider="searchFlightsData" finished-at="2016-03-30T13:29:56Z">
          <params>
            <param index="0">
              <value>
                <![CDATA[Madrid]]>
              </value>
            </param>
            <param index="1">
              <value>
                <![CDATA[Glasgow]]>
              </value>
            </param>
            <param index="2">
              <value>
                <![CDATA[01/06/2016]]>
              </value>
            </param>
            <param index="3">
              <value>
                <![CDATA[07/06/2016]]>
              </value>
            </param>
            <param index="4">
              <value>
                <![CDATA[3]]>
              </value>
            </param>
          </params>
          <reporter-output>
          </reporter-output>
        </test-method> <!-- simpleFlightTest -->
        <test-method status="PASS" signature="afterMethod()[pri:0, instance:TestCases.selectFlights@17f6480]" name="afterMethod" is-config="true" duration-ms="47" started-at="2016-03-30T13:29:56Z" finished-at="2016-03-30T13:29:56Z">
          <reporter-output>
          </reporter-output>
        </test-method> <!-- afterMethod -->
        <test-method status="PASS" signature="beforeMethod()[pri:0, instance:TestCases.selectFlights@17f6480]" name="beforeMethod" is-config="true" duration-ms="3219" started-at="2016-03-30T13:29:56Z" finished-at="2016-03-30T13:29:59Z">
          <reporter-output>
          </reporter-output>
        </test-method> <!-- beforeMethod -->
        <test-method status="PASS" signature="simpleFlightTest(java.lang.String, java.lang.String, java.lang.String, java.lang.String, java.lang.String)[pri:0, instance:TestCases.selectFlights@17f6480]" name="simpleFlightTest" duration-ms="5478" started-at="2016-03-30T13:29:59Z" data-provider="searchFlightsData" finished-at="2016-03-30T13:30:05Z">
          <params>
            <param index="0">
              <value>
                <![CDATA[Paris]]>
              </value>
            </param>
            <param index="1">
              <value>
                <![CDATA[Chicago]]>
              </value>
            </param>
            <param index="2">
              <value>
                <![CDATA[01/07/2016]]>
              </value>
            </param>
            <param index="3">
              <value>
                <![CDATA[08/07/2016]]>
              </value>
            </param>
            <param index="4">
              <value>
                <![CDATA[4]]>
              </value>
            </param>
          </params>
          <reporter-output>
          </reporter-output>
        </test-method> <!-- simpleFlightTest -->
        <test-method status="PASS" signature="afterMethod()[pri:0, instance:TestCases.selectFlights@17f6480]" name="afterMethod" is-config="true" duration-ms="158" started-at="2016-03-30T13:30:05Z" finished-at="2016-03-30T13:30:05Z">
          <reporter-output>
          </reporter-output>
        </test-method> <!-- afterMethod -->
        <test-method status="PASS" signature="beforeMethod()[pri:0, instance:TestCases.selectFlights@17f6480]" name="beforeMethod" is-config="true" duration-ms="7" started-at="2016-03-30T13:30:05Z" finished-at="2016-03-30T13:30:05Z">
          <reporter-output>
          </reporter-output>
        </test-method> <!-- beforeMethod -->
        <test-method status="PASS" signature="secondTestMethod()[pri:0, instance:TestCases.selectFlights@17f6480]" name="secondTestMethod" duration-ms="1" started-at="2016-03-30T13:30:05Z" finished-at="2016-03-30T13:30:05Z">
          <reporter-output>
          </reporter-output>
        </test-method> <!-- secondTestMethod -->
        <test-method status="PASS" signature="afterMethod()[pri:0, instance:TestCases.selectFlights@17f6480]" name="afterMethod" is-config="true" duration-ms="3681" started-at="2016-03-30T13:30:05Z" finished-at="2016-03-30T13:30:09Z">
          <reporter-output>
          </reporter-output>
        </test-method> <!-- afterMethod -->
      </class> <!-- TestCases.selectFlights -->
    </test> <!-- ExpediaFlightBookingTests -->
  </suite> <!-- ExpediaFlightTestSuite -->
</testng-results>
