<?xml version="1.0" encoding="UTF-8"?>
<testng-results skipped="2" failed="0" total="2" passed="0">
  <reporter-output>
  </reporter-output>
  <suite name="ExpediaFlightTestSuite" duration-ms="12982" started-at="2016-04-16T13:38:57Z" finished-at="2016-04-16T13:39:10Z">
    <groups>
    </groups>
    <test name="ExpediaFlightBookingTests" duration-ms="12982" started-at="2016-04-16T13:38:57Z" finished-at="2016-04-16T13:39:10Z">
      <class name="TestCases.selectFlights">
        <test-method status="FAIL" signature="beforeClass()[pri:0, instance:TestCases.selectFlights@71318ec4]" name="beforeClass" is-config="true" duration-ms="0" started-at="2016-04-16T14:38:57Z" finished-at="2016-04-16T14:38:57Z">
          <exception class="java.io.FileNotFoundException">
            <message>
              <![CDATA[C:\Users\OlaA\workspace\flightsbooking-ola\src\test\java\utilities\ExcelData.xlsx (The system cannot find the path specified)]]>
            </message>
            <full-stacktrace>
              <![CDATA[java.io.FileNotFoundException: C:\Users\OlaA\workspace\flightsbooking-ola\src\test\java\utilities\ExcelData.xlsx (The system cannot find the path specified)
	at java.io.FileInputStream.open0(Native Method)
	at java.io.FileInputStream.open(Unknown Source)
	at java.io.FileInputStream.<init>(Unknown Source)
	at java.io.FileInputStream.<init>(Unknown Source)
	at utilities.ExcelUtility.setExcelFile(ExcelUtility.java:23)
	at TestCases.selectFlights.beforeClass(selectFlights.java:38)
	at sun.reflect.NativeMethodAccessorImpl.invoke0(Native Method)
	at sun.reflect.NativeMethodAccessorImpl.invoke(Unknown Source)
	at sun.reflect.DelegatingMethodAccessorImpl.invoke(Unknown Source)
	at java.lang.reflect.Method.invoke(Unknown Source)
	at org.testng.internal.MethodInvocationHelper.invokeMethod(MethodInvocationHelper.java:85)
	at org.testng.internal.Invoker.invokeConfigurationMethod(Invoker.java:510)
	at org.testng.internal.Invoker.invokeConfigurations(Invoker.java:211)
	at org.testng.internal.Invoker.invokeConfigurations(Invoker.java:138)
	at org.testng.internal.TestMethodWorker.invokeBeforeClassMethods(TestMethodWorker.java:170)
	at org.testng.internal.TestMethodWorker.run(TestMethodWorker.java:104)
	at org.testng.TestRunner.privateRun(TestRunner.java:774)
	at org.testng.TestRunner.run(TestRunner.java:624)
	at org.testng.SuiteRunner.runTest(SuiteRunner.java:359)
	at org.testng.SuiteRunner.runSequentially(SuiteRunner.java:354)
	at org.testng.SuiteRunner.privateRun(SuiteRunner.java:312)
	at org.testng.SuiteRunner.run(SuiteRunner.java:261)
	at org.testng.SuiteRunnerWorker.runSuite(SuiteRunnerWorker.java:52)
	at org.testng.SuiteRunnerWorker.run(SuiteRunnerWorker.java:86)
	at org.testng.TestNG.runSuitesSequentially(TestNG.java:1191)
	at org.testng.TestNG.runSuitesLocally(TestNG.java:1116)
	at org.testng.TestNG.run(TestNG.java:1024)
	at org.testng.remote.AbstractRemoteTestNG.run(AbstractRemoteTestNG.java:126)
	at org.testng.remote.RemoteTestNG.initAndRun(RemoteTestNG.java:137)
	at org.testng.remote.RemoteTestNG.main(RemoteTestNG.java:58)
]]>
            </full-stacktrace>
          </exception> <!-- java.io.FileNotFoundException -->
          <reporter-output>
          </reporter-output>
        </test-method> <!-- beforeClass -->
        <test-method status="SKIP" signature="simpleFlightTest(java.lang.String, java.lang.String, java.lang.String, java.lang.String, java.lang.String)[pri:0, instance:TestCases.selectFlights@71318ec4]" name="simpleFlightTest" duration-ms="0" started-at="2016-04-16T14:39:10Z" data-provider="searchFlightsData" finished-at="2016-04-16T14:39:10Z">
          <exception class="java.lang.NullPointerException">
            <full-stacktrace>
              <![CDATA[java.lang.NullPointerException
	at org.testng.internal.MethodInvocationHelper.invokeDataProvider(MethodInvocationHelper.java:150)
	at org.testng.internal.Parameters.handleParameters(Parameters.java:430)
	at org.testng.internal.Invoker.handleParameters(Invoker.java:1270)
	at org.testng.internal.Invoker.createParameters(Invoker.java:985)
	at org.testng.internal.Invoker.invokeTestMethods(Invoker.java:1075)
	at org.testng.internal.TestMethodWorker.invokeTestMethods(TestMethodWorker.java:125)
	at org.testng.internal.TestMethodWorker.run(TestMethodWorker.java:108)
	at org.testng.TestRunner.privateRun(TestRunner.java:774)
	at org.testng.TestRunner.run(TestRunner.java:624)
	at org.testng.SuiteRunner.runTest(SuiteRunner.java:359)
	at org.testng.SuiteRunner.runSequentially(SuiteRunner.java:354)
	at org.testng.SuiteRunner.privateRun(SuiteRunner.java:312)
	at org.testng.SuiteRunner.run(SuiteRunner.java:261)
	at org.testng.SuiteRunnerWorker.runSuite(SuiteRunnerWorker.java:52)
	at org.testng.SuiteRunnerWorker.run(SuiteRunnerWorker.java:86)
	at org.testng.TestNG.runSuitesSequentially(TestNG.java:1191)
	at org.testng.TestNG.runSuitesLocally(TestNG.java:1116)
	at org.testng.TestNG.run(TestNG.java:1024)
	at org.testng.remote.AbstractRemoteTestNG.run(AbstractRemoteTestNG.java:126)
	at org.testng.remote.RemoteTestNG.initAndRun(RemoteTestNG.java:137)
	at org.testng.remote.RemoteTestNG.main(RemoteTestNG.java:58)
]]>
            </full-stacktrace>
          </exception> <!-- java.lang.NullPointerException -->
          <reporter-output>
          </reporter-output>
        </test-method> <!-- simpleFlightTest -->
        <test-method status="SKIP" signature="beforeMethod()[pri:0, instance:TestCases.selectFlights@71318ec4]" name="beforeMethod" is-config="true" duration-ms="0" started-at="2016-04-16T14:39:10Z" finished-at="2016-04-16T14:39:10Z">
          <reporter-output>
          </reporter-output>
        </test-method> <!-- beforeMethod -->
        <test-method status="SKIP" signature="secondTestMethod()[pri:0, instance:TestCases.selectFlights@71318ec4]" name="secondTestMethod" duration-ms="1" started-at="2016-04-16T14:39:10Z" finished-at="2016-04-16T14:39:10Z">
          <reporter-output>
          </reporter-output>
        </test-method> <!-- secondTestMethod -->
        <test-method status="SKIP" signature="afterMethod()[pri:0, instance:TestCases.selectFlights@71318ec4]" name="afterMethod" is-config="true" duration-ms="0" started-at="2016-04-16T14:39:10Z" finished-at="2016-04-16T14:39:10Z">
          <reporter-output>
          </reporter-output>
        </test-method> <!-- afterMethod -->
      </class> <!-- TestCases.selectFlights -->
    </test> <!-- ExpediaFlightBookingTests -->
  </suite> <!-- ExpediaFlightTestSuite -->
</testng-results>
